<!DOCTYPE html PUBLIC "-//W3C//DTD XHTML 1.1//EN" "http://www.w3.org/TR/xhtml11/DTD/xhtml11.dtd">
<html xmlns="http://www.w3.org/1999/xhtml"><head><title>TestNG Report</title><style type="text/css">table {margin-bottom:10px;border-collapse:collapse;empty-cells:show}th,td {border:1px solid #009;padding:.25em .5em}th {vertical-align:bottom}td {vertical-align:top}table a {font-weight:bold}.stripe td {background-color: #E6EBF9}.num {text-align:right}.passedodd td {background-color: #3F3}.passedeven td {background-color: #0A0}.skippedodd td {background-color: #DDD}.skippedeven td {background-color: #CCC}.failedodd td,.attn {background-color: #F33}.failedeven td,.stripe .attn {background-color: #D00}.stacktrace {white-space:pre;font-family:monospace}.totop {font-size:85%;text-align:center;border-bottom:2px solid #000}</style></head><body><table><tr><th>Test</th><th># Passed</th><th># Skipped</th><th># Failed</th><th>Time (ms)</th><th>Included Groups</th><th>Excluded Groups</th></tr><tr><th colspan="7">Surefire suite</th></tr><tr><td><a href="#t0">Surefire test</a></td><td class="num">0</td><td class="num">0</td><td class="num attn">8</td><td class="num">80,037</td><td></td><td></td></tr></table><table id='summary'><thead><tr><th>Class</th><th>Method</th><th>Start</th><th>Time (ms)</th></tr></thead><tbody><tr><th colspan="4">Surefire suite</th></tr></tbody><tbody id="t0"><tr><th colspan="4">Surefire test &#8212; failed</th></tr><tr class="failedeven"><td rowspan="3">com.qa.mesadnd.selenium.SeleniumCrudTests</td><td><a href="#m0">testACharacterAbilityCreateRead</a></td><td rowspan="1">1589923181522</td><td rowspan="1">6247</td></tr><tr class="failedeven"><td><a href="#m1">testBCharacterAbilityUpdate</a></td><td rowspan="1">1589923190871</td><td rowspan="1">6237</td></tr><tr class="failedeven"><td><a href="#m2">testCCharacterAbilityDelete</a></td><td rowspan="1">1589923200176</td><td rowspan="1">6229</td></tr><tr class="failedodd"><td rowspan="5">com.qa.mesadnd.selenium.SeleniumNavigationTests</td><td><a href="#m3">testCharacterMakerTitle</a></td><td rowspan="1">1589923209473</td><td rowspan="1">6228</td></tr><tr class="failedodd"><td><a href="#m4">testCharacterSheetTitle</a></td><td rowspan="1">1589923218771</td><td rowspan="1">6233</td></tr><tr class="failedodd"><td><a href="#m5">testHomeSheetMaker</a></td><td rowspan="1">1589923228064</td><td rowspan="1">8248</td></tr><tr class="failedodd"><td><a href="#m6">testMakerSheetHome</a></td><td rowspan="1">1589923239387</td><td rowspan="1">8244</td></tr><tr class="failedodd"><td><a href="#m7">testMesaHomeTitle</a></td><td rowspan="1">1589923250692</td><td rowspan="1">6235</td></tr></tbody></table><h2>Surefire test</h2><h3 id="m0">com.qa.mesadnd.selenium.SeleniumCrudTests#testACharacterAbilityCreateRead</h3><table class="result"><tr><th>Exception</th></tr><tr><td><div class="stacktrace">java.lang.AssertionError: expected [Character Maker] but found [localhost]
	at com.qa.mesadnd.selenium.SeleniumCrudTests.testACharacterAbilityCreateRead(SeleniumCrudTests.java:54)
... Removed 36 stack frames</div></td></tr></table><p class="totop"><a href="#summary">back to summary</a></p><h3 id="m1">com.qa.mesadnd.selenium.SeleniumCrudTests#testBCharacterAbilityUpdate</h3><table class="result"><tr><th>Exception</th></tr><tr><td><div class="stacktrace">java.lang.AssertionError: expected [Character Sheet] but found [localhost]
	at com.qa.mesadnd.selenium.SeleniumCrudTests.testBCharacterAbilityUpdate(SeleniumCrudTests.java:140)
... Removed 36 stack frames</div></td></tr></table><p class="totop"><a href="#summary">back to summary</a></p><h3 id="m2">com.qa.mesadnd.selenium.SeleniumCrudTests#testCCharacterAbilityDelete</h3><table class="result"><tr><th>Exception</th></tr><tr><td><div class="stacktrace">java.lang.AssertionError: expected [Character Sheet] but found [localhost]
	at com.qa.mesadnd.selenium.SeleniumCrudTests.testCCharacterAbilityDelete(SeleniumCrudTests.java:208)
... Removed 36 stack frames</div></td></tr></table><p class="totop"><a href="#summary">back to summary</a></p><h3 id="m3">com.qa.mesadnd.selenium.SeleniumNavigationTests#testCharacterMakerTitle</h3><table class="result"><tr><th>Exception</th></tr><tr><td><div class="stacktrace">java.lang.AssertionError: expected [Character Maker] but found [localhost]
	at com.qa.mesadnd.selenium.SeleniumNavigationTests.testCharacterMakerTitle(SeleniumNavigationTests.java:74)
... Removed 36 stack frames</div></td></tr></table><p class="totop"><a href="#summary">back to summary</a></p><h3 id="m4">com.qa.mesadnd.selenium.SeleniumNavigationTests#testCharacterSheetTitle</h3><table class="result"><tr><th>Exception</th></tr><tr><td><div class="stacktrace">java.lang.AssertionError: expected [Character Sheet] but found [localhost]
	at com.qa.mesadnd.selenium.SeleniumNavigationTests.testCharacterSheetTitle(SeleniumNavigationTests.java:62)
... Removed 36 stack frames</div></td></tr></table><p class="totop"><a href="#summary">back to summary</a></p><h3 id="m5">com.qa.mesadnd.selenium.SeleniumNavigationTests#testHomeSheetMaker</h3><table class="result"><tr><th>Exception</th></tr><tr><td><div class="stacktrace">org.openqa.selenium.NoSuchElementException: no such element: Unable to locate element: {&quot;method&quot;:&quot;css selector&quot;,&quot;selector&quot;:&quot;#navSheet&quot;}
  (Session info: chrome=81.0.4044.138)
For documentation on this error, please visit: https://www.seleniumhq.org/exceptions/no_such_element.html
Build info: version: &apos;3.141.59&apos;, revision: &apos;e82be7d358&apos;, time: &apos;2018-11-14T08:17:03&apos;
System info: host: &apos;DESKTOP-2EF6UIN&apos;, ip: &apos;169.254.57.70&apos;, os.name: &apos;Windows 10&apos;, os.arch: &apos;amd64&apos;, os.version: &apos;10.0&apos;, java.version: &apos;11.0.7&apos;
Driver info: org.openqa.selenium.chrome.ChromeDriver
Capabilities {acceptInsecureCerts: false, browserName: chrome, browserVersion: 81.0.4044.138, chrome: {chromedriverVersion: 81.0.4044.69 (6813546031a4b..., userDataDir: C:\Users\BACKUP~1\AppData\L...}, goog:chromeOptions: {debuggerAddress: localhost:52990}, javascriptEnabled: true, networkConnectionEnabled: false, pageLoadStrategy: normal, platform: WINDOWS, platformName: WINDOWS, proxy: Proxy(), setWindowRect: true, strictFileInteractability: false, timeouts: {implicit: 0, pageLoad: 300000, script: 30000}, unhandledPromptBehavior: dismiss and notify, webauthn:virtualAuthenticators: true}
Session ID: cbb7836572455faefe29f05f0528360c
*** Element info: {Using=id, value=navSheet}
	at org.openqa.selenium.remote.http.W3CHttpResponseCodec.createException(W3CHttpResponseCodec.java:187)
	at org.openqa.selenium.remote.http.W3CHttpResponseCodec.decode(W3CHttpResponseCodec.java:122)
	at org.openqa.selenium.remote.http.W3CHttpResponseCodec.decode(W3CHttpResponseCodec.java:49)
	at org.openqa.selenium.remote.HttpCommandExecutor.execute(HttpCommandExecutor.java:158)
	at org.openqa.selenium.remote.service.DriverCommandExecutor.execute(DriverCommandExecutor.java:83)
	at org.openqa.selenium.remote.RemoteWebDriver.execute(RemoteWebDriver.java:552)
	at org.openqa.selenium.remote.RemoteWebDriver.findElement(RemoteWebDriver.java:323)
	at org.openqa.selenium.remote.RemoteWebDriver.findElementById(RemoteWebDriver.java:372)
	at org.openqa.selenium.By$ById.findElement(By.java:188)
	at org.openqa.selenium.remote.RemoteWebDriver.findElement(RemoteWebDriver.java:315)
	at com.qa.mesadnd.selenium.SeleniumNavigationTests.testHomeSheetMaker(SeleniumNavigationTests.java:87)
... Removed 34 stack frames</div></td></tr></table><p class="totop"><a href="#summary">back to summary</a></p><h3 id="m6">com.qa.mesadnd.selenium.SeleniumNavigationTests#testMakerSheetHome</h3><table class="result"><tr><th>Exception</th></tr><tr><td><div class="stacktrace">org.openqa.selenium.NoSuchElementException: no such element: Unable to locate element: {&quot;method&quot;:&quot;css selector&quot;,&quot;selector&quot;:&quot;#navMaker&quot;}
  (Session info: chrome=81.0.4044.138)
For documentation on this error, please visit: https://www.seleniumhq.org/exceptions/no_such_element.html
Build info: version: &apos;3.141.59&apos;, revision: &apos;e82be7d358&apos;, time: &apos;2018-11-14T08:17:03&apos;
System info: host: &apos;DESKTOP-2EF6UIN&apos;, ip: &apos;169.254.57.70&apos;, os.name: &apos;Windows 10&apos;, os.arch: &apos;amd64&apos;, os.version: &apos;10.0&apos;, java.version: &apos;11.0.7&apos;
Driver info: org.openqa.selenium.chrome.ChromeDriver
Capabilities {acceptInsecureCerts: false, browserName: chrome, browserVersion: 81.0.4044.138, chrome: {chromedriverVersion: 81.0.4044.69 (6813546031a4b..., userDataDir: C:\Users\BACKUP~1\AppData\L...}, goog:chromeOptions: {debuggerAddress: localhost:53026}, javascriptEnabled: true, networkConnectionEnabled: false, pageLoadStrategy: normal, platform: WINDOWS, platformName: WINDOWS, proxy: Proxy(), setWindowRect: true, strictFileInteractability: false, timeouts: {implicit: 0, pageLoad: 300000, script: 30000}, unhandledPromptBehavior: dismiss and notify, webauthn:virtualAuthenticators: true}
Session ID: 55d7ab79c626c0eb2171cc1916b9a373
*** Element info: {Using=id, value=navMaker}
	at org.openqa.selenium.remote.http.W3CHttpResponseCodec.createException(W3CHttpResponseCodec.java:187)
	at org.openqa.selenium.remote.http.W3CHttpResponseCodec.decode(W3CHttpResponseCodec.java:122)
	at org.openqa.selenium.remote.http.W3CHttpResponseCodec.decode(W3CHttpResponseCodec.java:49)
	at org.openqa.selenium.remote.HttpCommandExecutor.execute(HttpCommandExecutor.java:158)
	at org.openqa.selenium.remote.service.DriverCommandExecutor.execute(DriverCommandExecutor.java:83)
	at org.openqa.selenium.remote.RemoteWebDriver.execute(RemoteWebDriver.java:552)
	at org.openqa.selenium.remote.RemoteWebDriver.findElement(RemoteWebDriver.java:323)
	at org.openqa.selenium.remote.RemoteWebDriver.findElementById(RemoteWebDriver.java:372)
	at org.openqa.selenium.By$ById.findElement(By.java:188)
	at org.openqa.selenium.remote.RemoteWebDriver.findElement(RemoteWebDriver.java:315)
	at com.qa.mesadnd.selenium.SeleniumNavigationTests.testMakerSheetHome(SeleniumNavigationTests.java:113)
... Removed 34 stack frames</div></td></tr></table><p class="totop"><a href="#summary">back to summary</a></p><h3 id="m7">com.qa.mesadnd.selenium.SeleniumNavigationTests#testMesaHomeTitle</h3><table class="result"><tr><th>Exception</th></tr><tr><td><div class="stacktrace">java.lang.AssertionError: expected [Mesa Home Page] but found [localhost]
	at com.qa.mesadnd.selenium.SeleniumNavigationTests.testMesaHomeTitle(SeleniumNavigationTests.java:50)
... Removed 36 stack frames</div></td></tr></table><p class="totop"><a href="#summary">back to summary</a></p></body></html>