<!DOCTYPE html>

<html>
  <head>
  <meta charset='utf-8'>
  <title>TestNG reports</title>

    <link type="text/css" href="testng-reports.css" rel="stylesheet" />
    <script type="text/javascript" src="jquery-1.7.1.min.js"></script>
    <script type="text/javascript" src="testng-reports.js"></script>
    <script type="text/javascript" src="https://www.google.com/jsapi"></script>
    <script type='text/javascript'>
      google.load('visualization', '1', {packages:['table']});
      google.setOnLoadCallback(drawTable);
      var suiteTableInitFunctions = new Array();
      var suiteTableData = new Array();
    </script>
    <!--
      <script type="text/javascript" src="jquery-ui/js/jquery-ui-1.8.16.custom.min.js"></script>
     -->
  </head>

  <body>
    <div class="top-banner-root">
      <span class="top-banner-title-font">Test results</span>
      <br/>
      <span class="top-banner-font-1">1 suite, 8 failed tests</span>
    </div> <!-- top-banner-root -->
    <div class="navigator-root">
      <div class="navigator-suite-header">
        <span>All suites</span>
        <a href="#" title="Collapse/expand all the suites" class="collapse-all-link">
          <img src="collapseall.gif" class="collapse-all-icon">
          </img> <!-- collapse-all-icon -->
        </a> <!-- collapse-all-link -->
      </div> <!-- navigator-suite-header -->
      <div class="suite">
        <div class="rounded-window">
          <div class="suite-header light-rounded-window-top">
            <a href="#" panel-name="suite-Surefire_suite" class="navigator-link">
              <span class="suite-name border-failed">Surefire suite</span>
            </a> <!-- navigator-link -->
          </div> <!-- suite-header light-rounded-window-top -->
          <div class="navigator-suite-content">
            <div class="suite-section-title">
              <span>Info</span>
            </div> <!-- suite-section-title -->
            <div class="suite-section-content">
              <ul>
                <li>
                  <a href="#" panel-name="test-xml-Surefire_suite" class="navigator-link ">
                    <span>[unset file name]</span>
                  </a> <!-- navigator-link  -->
                </li>
                <li>
                  <a href="#" panel-name="testlist-Surefire_suite" class="navigator-link ">
                    <span class="test-stats">1 test</span>
                  </a> <!-- navigator-link  -->
                </li>
                <li>
                  <a href="#" panel-name="group-Surefire_suite" class="navigator-link ">
                    <span>0 groups</span>
                  </a> <!-- navigator-link  -->
                </li>
                <li>
                  <a href="#" panel-name="times-Surefire_suite" class="navigator-link ">
                    <span>Times</span>
                  </a> <!-- navigator-link  -->
                </li>
                <li>
                  <a href="#" panel-name="reporter-Surefire_suite" class="navigator-link ">
                    <span>Reporter output</span>
                  </a> <!-- navigator-link  -->
                </li>
                <li>
                  <a href="#" panel-name="ignored-methods-Surefire_suite" class="navigator-link ">
                    <span>Ignored methods</span>
                  </a> <!-- navigator-link  -->
                </li>
                <li>
                  <a href="#" panel-name="chronological-Surefire_suite" class="navigator-link ">
                    <span>Chronological view</span>
                  </a> <!-- navigator-link  -->
                </li>
              </ul>
            </div> <!-- suite-section-content -->
            <div class="result-section">
              <div class="suite-section-title">
                <span>Results</span>
              </div> <!-- suite-section-title -->
              <div class="suite-section-content">
                <ul>
                  <li>
                    <span class="method-stats">8 methods, 8 failed,   </span>
                  </li>
                  <li>
                    <span class="method-list-title failed">Failed methods</span>
                    <span class="show-or-hide-methods failed">
                      <a href="#" panel-name="suite-Surefire_suite" class="hide-methods failed suite-Surefire_suite"> (hide)</a> <!-- hide-methods failed suite-Surefire_suite -->
                      <a href="#" panel-name="suite-Surefire_suite" class="show-methods failed suite-Surefire_suite"> (show)</a> <!-- show-methods failed suite-Surefire_suite -->
                    </span>
                    <div class="method-list-content failed suite-Surefire_suite">
                      <span>
                        <img src="failed.png" width="3%"/>
                        <a href="#" panel-name="suite-Surefire_suite" title="com.qa.mesadnd.selenium.SeleniumCrudTests" class="method navigator-link" hash-for-method="testACharacterAbilityCreateRead">testACharacterAbilityCreateRead</a> <!-- method navigator-link -->
                      </span>
                      <br/>
                      <span>
                        <img src="failed.png" width="3%"/>
                        <a href="#" panel-name="suite-Surefire_suite" title="com.qa.mesadnd.selenium.SeleniumCrudTests" class="method navigator-link" hash-for-method="testBCharacterAbilityUpdate">testBCharacterAbilityUpdate</a> <!-- method navigator-link -->
                      </span>
                      <br/>
                      <span>
                        <img src="failed.png" width="3%"/>
                        <a href="#" panel-name="suite-Surefire_suite" title="com.qa.mesadnd.selenium.SeleniumCrudTests" class="method navigator-link" hash-for-method="testCCharacterAbilityDelete">testCCharacterAbilityDelete</a> <!-- method navigator-link -->
                      </span>
                      <br/>
                      <span>
                        <img src="failed.png" width="3%"/>
                        <a href="#" panel-name="suite-Surefire_suite" title="com.qa.mesadnd.selenium.SeleniumNavigationTests" class="method navigator-link" hash-for-method="testCharacterMakerTitle">testCharacterMakerTitle</a> <!-- method navigator-link -->
                      </span>
                      <br/>
                      <span>
                        <img src="failed.png" width="3%"/>
                        <a href="#" panel-name="suite-Surefire_suite" title="com.qa.mesadnd.selenium.SeleniumNavigationTests" class="method navigator-link" hash-for-method="testCharacterSheetTitle">testCharacterSheetTitle</a> <!-- method navigator-link -->
                      </span>
                      <br/>
                      <span>
                        <img src="failed.png" width="3%"/>
                        <a href="#" panel-name="suite-Surefire_suite" title="com.qa.mesadnd.selenium.SeleniumNavigationTests" class="method navigator-link" hash-for-method="testHomeSheetMaker">testHomeSheetMaker</a> <!-- method navigator-link -->
                      </span>
                      <br/>
                      <span>
                        <img src="failed.png" width="3%"/>
                        <a href="#" panel-name="suite-Surefire_suite" title="com.qa.mesadnd.selenium.SeleniumNavigationTests" class="method navigator-link" hash-for-method="testMakerSheetHome">testMakerSheetHome</a> <!-- method navigator-link -->
                      </span>
                      <br/>
                      <span>
                        <img src="failed.png" width="3%"/>
                        <a href="#" panel-name="suite-Surefire_suite" title="com.qa.mesadnd.selenium.SeleniumNavigationTests" class="method navigator-link" hash-for-method="testMesaHomeTitle">testMesaHomeTitle</a> <!-- method navigator-link -->
                      </span>
                      <br/>
                    </div> <!-- method-list-content failed suite-Surefire_suite -->
                  </li>
                </ul>
              </div> <!-- suite-section-content -->
            </div> <!-- result-section -->
          </div> <!-- navigator-suite-content -->
        </div> <!-- rounded-window -->
      </div> <!-- suite -->
    </div> <!-- navigator-root -->
    <div class="wrapper">
      <div class="main-panel-root">
        <div panel-name="suite-Surefire_suite" class="panel Surefire_suite">
          <div class="suite-Surefire_suite-class-failed">
            <div class="main-panel-header rounded-window-top">
              <img src="failed.png"/>
              <span class="class-name">com.qa.mesadnd.selenium.SeleniumCrudTests</span>
            </div> <!-- main-panel-header rounded-window-top -->
            <div class="main-panel-content rounded-window-bottom">
              <div class="method">
                <div class="method-content">
                  <a name="testACharacterAbilityCreateRead">
                  </a> <!-- testACharacterAbilityCreateRead -->
                  <span class="method-name">testACharacterAbilityCreateRead</span>
                  <div class="stack-trace">java.lang.AssertionError: expected [Character Maker] but found [localhost]
	at com.qa.mesadnd.selenium.SeleniumCrudTests.testACharacterAbilityCreateRead(SeleniumCrudTests.java:54)
... Removed 36 stack frames
</div> <!-- stack-trace -->
                </div> <!-- method-content -->
              </div> <!-- method -->
              <div class="method">
                <div class="method-content">
                  <a name="testBCharacterAbilityUpdate">
                  </a> <!-- testBCharacterAbilityUpdate -->
                  <span class="method-name">testBCharacterAbilityUpdate</span>
                  <div class="stack-trace">java.lang.AssertionError: expected [Character Sheet] but found [localhost]
	at com.qa.mesadnd.selenium.SeleniumCrudTests.testBCharacterAbilityUpdate(SeleniumCrudTests.java:140)
... Removed 36 stack frames
</div> <!-- stack-trace -->
                </div> <!-- method-content -->
              </div> <!-- method -->
              <div class="method">
                <div class="method-content">
                  <a name="testCCharacterAbilityDelete">
                  </a> <!-- testCCharacterAbilityDelete -->
                  <span class="method-name">testCCharacterAbilityDelete</span>
                  <div class="stack-trace">java.lang.AssertionError: expected [Character Sheet] but found [localhost]
	at com.qa.mesadnd.selenium.SeleniumCrudTests.testCCharacterAbilityDelete(SeleniumCrudTests.java:208)
... Removed 36 stack frames
</div> <!-- stack-trace -->
                </div> <!-- method-content -->
              </div> <!-- method -->
            </div> <!-- main-panel-content rounded-window-bottom -->
          </div> <!-- suite-Surefire_suite-class-failed -->
          <div class="suite-Surefire_suite-class-failed">
            <div class="main-panel-header rounded-window-top">
              <img src="failed.png"/>
              <span class="class-name">com.qa.mesadnd.selenium.SeleniumNavigationTests</span>
            </div> <!-- main-panel-header rounded-window-top -->
            <div class="main-panel-content rounded-window-bottom">
              <div class="method">
                <div class="method-content">
                  <a name="testCharacterMakerTitle">
                  </a> <!-- testCharacterMakerTitle -->
                  <span class="method-name">testCharacterMakerTitle</span>
                  <div class="stack-trace">java.lang.AssertionError: expected [Character Maker] but found [localhost]
	at com.qa.mesadnd.selenium.SeleniumNavigationTests.testCharacterMakerTitle(SeleniumNavigationTests.java:74)
... Removed 36 stack frames
</div> <!-- stack-trace -->
                </div> <!-- method-content -->
              </div> <!-- method -->
              <div class="method">
                <div class="method-content">
                  <a name="testCharacterSheetTitle">
                  </a> <!-- testCharacterSheetTitle -->
                  <span class="method-name">testCharacterSheetTitle</span>
                  <div class="stack-trace">java.lang.AssertionError: expected [Character Sheet] but found [localhost]
	at com.qa.mesadnd.selenium.SeleniumNavigationTests.testCharacterSheetTitle(SeleniumNavigationTests.java:62)
... Removed 36 stack frames
</div> <!-- stack-trace -->
                </div> <!-- method-content -->
              </div> <!-- method -->
              <div class="method">
                <div class="method-content">
                  <a name="testHomeSheetMaker">
                  </a> <!-- testHomeSheetMaker -->
                  <span class="method-name">testHomeSheetMaker</span>
                  <div class="stack-trace">org.openqa.selenium.NoSuchElementException: no such element: Unable to locate element: {&quot;method&quot;:&quot;css selector&quot;,&quot;selector&quot;:&quot;#navSheet&quot;}
  (Session info: chrome=81.0.4044.138)
For documentation on this error, please visit: https://www.seleniumhq.org/exceptions/no_such_element.html
Build info: version: &apos;3.141.59&apos;, revision: &apos;e82be7d358&apos;, time: &apos;2018-11-14T08:17:03&apos;
System info: host: &apos;DESKTOP-2EF6UIN&apos;, ip: &apos;169.254.57.70&apos;, os.name: &apos;Windows 10&apos;, os.arch: &apos;amd64&apos;, os.version: &apos;10.0&apos;, java.version: &apos;11.0.7&apos;
Driver info: org.openqa.selenium.chrome.ChromeDriver
Capabilities {acceptInsecureCerts: false, browserName: chrome, browserVersion: 81.0.4044.138, chrome: {chromedriverVersion: 81.0.4044.69 (6813546031a4b..., userDataDir: C:\Users\BACKUP~1\AppData\L...}, goog:chromeOptions: {debuggerAddress: localhost:52990}, javascriptEnabled: true, networkConnectionEnabled: false, pageLoadStrategy: normal, platform: WINDOWS, platformName: WINDOWS, proxy: Proxy(), setWindowRect: true, strictFileInteractability: false, timeouts: {implicit: 0, pageLoad: 300000, script: 30000}, unhandledPromptBehavior: dismiss and notify, webauthn:virtualAuthenticators: true}
Session ID: cbb7836572455faefe29f05f0528360c
*** Element info: {Using=id, value=navSheet}
	at org.openqa.selenium.remote.http.W3CHttpResponseCodec.createException(W3CHttpResponseCodec.java:187)
	at org.openqa.selenium.remote.http.W3CHttpResponseCodec.decode(W3CHttpResponseCodec.java:122)
	at org.openqa.selenium.remote.http.W3CHttpResponseCodec.decode(W3CHttpResponseCodec.java:49)
	at org.openqa.selenium.remote.HttpCommandExecutor.execute(HttpCommandExecutor.java:158)
	at org.openqa.selenium.remote.service.DriverCommandExecutor.execute(DriverCommandExecutor.java:83)
	at org.openqa.selenium.remote.RemoteWebDriver.execute(RemoteWebDriver.java:552)
	at org.openqa.selenium.remote.RemoteWebDriver.findElement(RemoteWebDriver.java:323)
	at org.openqa.selenium.remote.RemoteWebDriver.findElementById(RemoteWebDriver.java:372)
	at org.openqa.selenium.By$ById.findElement(By.java:188)
	at org.openqa.selenium.remote.RemoteWebDriver.findElement(RemoteWebDriver.java:315)
	at com.qa.mesadnd.selenium.SeleniumNavigationTests.testHomeSheetMaker(SeleniumNavigationTests.java:87)
... Removed 34 stack frames
</div> <!-- stack-trace -->
                </div> <!-- method-content -->
              </div> <!-- method -->
              <div class="method">
                <div class="method-content">
                  <a name="testMakerSheetHome">
                  </a> <!-- testMakerSheetHome -->
                  <span class="method-name">testMakerSheetHome</span>
                  <div class="stack-trace">org.openqa.selenium.NoSuchElementException: no such element: Unable to locate element: {&quot;method&quot;:&quot;css selector&quot;,&quot;selector&quot;:&quot;#navMaker&quot;}
  (Session info: chrome=81.0.4044.138)
For documentation on this error, please visit: https://www.seleniumhq.org/exceptions/no_such_element.html
Build info: version: &apos;3.141.59&apos;, revision: &apos;e82be7d358&apos;, time: &apos;2018-11-14T08:17:03&apos;
System info: host: &apos;DESKTOP-2EF6UIN&apos;, ip: &apos;169.254.57.70&apos;, os.name: &apos;Windows 10&apos;, os.arch: &apos;amd64&apos;, os.version: &apos;10.0&apos;, java.version: &apos;11.0.7&apos;
Driver info: org.openqa.selenium.chrome.ChromeDriver
Capabilities {acceptInsecureCerts: false, browserName: chrome, browserVersion: 81.0.4044.138, chrome: {chromedriverVersion: 81.0.4044.69 (6813546031a4b..., userDataDir: C:\Users\BACKUP~1\AppData\L...}, goog:chromeOptions: {debuggerAddress: localhost:53026}, javascriptEnabled: true, networkConnectionEnabled: false, pageLoadStrategy: normal, platform: WINDOWS, platformName: WINDOWS, proxy: Proxy(), setWindowRect: true, strictFileInteractability: false, timeouts: {implicit: 0, pageLoad: 300000, script: 30000}, unhandledPromptBehavior: dismiss and notify, webauthn:virtualAuthenticators: true}
Session ID: 55d7ab79c626c0eb2171cc1916b9a373
*** Element info: {Using=id, value=navMaker}
	at org.openqa.selenium.remote.http.W3CHttpResponseCodec.createException(W3CHttpResponseCodec.java:187)
	at org.openqa.selenium.remote.http.W3CHttpResponseCodec.decode(W3CHttpResponseCodec.java:122)
	at org.openqa.selenium.remote.http.W3CHttpResponseCodec.decode(W3CHttpResponseCodec.java:49)
	at org.openqa.selenium.remote.HttpCommandExecutor.execute(HttpCommandExecutor.java:158)
	at org.openqa.selenium.remote.service.DriverCommandExecutor.execute(DriverCommandExecutor.java:83)
	at org.openqa.selenium.remote.RemoteWebDriver.execute(RemoteWebDriver.java:552)
	at org.openqa.selenium.remote.RemoteWebDriver.findElement(RemoteWebDriver.java:323)
	at org.openqa.selenium.remote.RemoteWebDriver.findElementById(RemoteWebDriver.java:372)
	at org.openqa.selenium.By$ById.findElement(By.java:188)
	at org.openqa.selenium.remote.RemoteWebDriver.findElement(RemoteWebDriver.java:315)
	at com.qa.mesadnd.selenium.SeleniumNavigationTests.testMakerSheetHome(SeleniumNavigationTests.java:113)
... Removed 34 stack frames
</div> <!-- stack-trace -->
                </div> <!-- method-content -->
              </div> <!-- method -->
              <div class="method">
                <div class="method-content">
                  <a name="testMesaHomeTitle">
                  </a> <!-- testMesaHomeTitle -->
                  <span class="method-name">testMesaHomeTitle</span>
                  <div class="stack-trace">java.lang.AssertionError: expected [Mesa Home Page] but found [localhost]
	at com.qa.mesadnd.selenium.SeleniumNavigationTests.testMesaHomeTitle(SeleniumNavigationTests.java:50)
... Removed 36 stack frames
</div> <!-- stack-trace -->
                </div> <!-- method-content -->
              </div> <!-- method -->
            </div> <!-- main-panel-content rounded-window-bottom -->
          </div> <!-- suite-Surefire_suite-class-failed -->
        </div> <!-- panel Surefire_suite -->
        <div panel-name="test-xml-Surefire_suite" class="panel">
          <div class="main-panel-header rounded-window-top">
          </div> <!-- main-panel-header rounded-window-top -->
          <div class="main-panel-content rounded-window-bottom">
            <pre>
&lt;?xml version=&quot;1.0&quot; encoding=&quot;UTF-8&quot;?&gt;
&lt;!DOCTYPE suite SYSTEM &quot;http://testng.org/testng-1.0.dtd&quot;&gt;
&lt;suite thread-count=&quot;1&quot; name=&quot;Surefire suite&quot; verbose=&quot;0&quot;&gt;
  &lt;test name=&quot;Surefire test&quot;&gt;
    &lt;classes&gt;
      &lt;class name=&quot;com.qa.mesadnd.selenium.SeleniumCrudTests&quot;/&gt;
      &lt;class name=&quot;com.qa.mesadnd.selenium.SeleniumNavigationTests&quot;/&gt;
    &lt;/classes&gt;
  &lt;/test&gt; &lt;!-- Surefire test --&gt;
&lt;/suite&gt; &lt;!-- Surefire suite --&gt;
            </pre>
          </div> <!-- main-panel-content rounded-window-bottom -->
        </div> <!-- panel -->
        <div panel-name="testlist-Surefire_suite" class="panel">
          <div class="main-panel-header rounded-window-top">
            <span class="header-content">Tests for Surefire suite</span>
          </div> <!-- main-panel-header rounded-window-top -->
          <div class="main-panel-content rounded-window-bottom">
            <ul>
              <li>
                <span class="test-name">Surefire test (2 classes)</span>
              </li>
            </ul>
          </div> <!-- main-panel-content rounded-window-bottom -->
        </div> <!-- panel -->
        <div panel-name="group-Surefire_suite" class="panel">
          <div class="main-panel-header rounded-window-top">
            <span class="header-content">Groups for Surefire suite</span>
          </div> <!-- main-panel-header rounded-window-top -->
          <div class="main-panel-content rounded-window-bottom">
          </div> <!-- main-panel-content rounded-window-bottom -->
        </div> <!-- panel -->
        <div panel-name="times-Surefire_suite" class="panel">
          <div class="main-panel-header rounded-window-top">
            <span class="header-content">Times for Surefire suite</span>
          </div> <!-- main-panel-header rounded-window-top -->
          <div class="main-panel-content rounded-window-bottom">
            <div class="times-div">
              <script type="text/javascript">
suiteTableInitFunctions.push('tableData_Surefire_suite');
function tableData_Surefire_suite() {
var data = new google.visualization.DataTable();
data.addColumn('number', 'Number');
data.addColumn('string', 'Method');
data.addColumn('string', 'Class');
data.addColumn('number', 'Time (ms)');
data.addRows(8);
data.setCell(0, 0, 0)
data.setCell(0, 1, 'testHomeSheetMaker')
data.setCell(0, 2, 'com.qa.mesadnd.selenium.SeleniumNavigationTests')
data.setCell(0, 3, 8248);
data.setCell(1, 0, 1)
data.setCell(1, 1, 'testMakerSheetHome')
data.setCell(1, 2, 'com.qa.mesadnd.selenium.SeleniumNavigationTests')
data.setCell(1, 3, 8244);
data.setCell(2, 0, 2)
data.setCell(2, 1, 'testACharacterAbilityCreateRead')
data.setCell(2, 2, 'com.qa.mesadnd.selenium.SeleniumCrudTests')
data.setCell(2, 3, 6247);
data.setCell(3, 0, 3)
data.setCell(3, 1, 'testBCharacterAbilityUpdate')
data.setCell(3, 2, 'com.qa.mesadnd.selenium.SeleniumCrudTests')
data.setCell(3, 3, 6237);
data.setCell(4, 0, 4)
data.setCell(4, 1, 'testMesaHomeTitle')
data.setCell(4, 2, 'com.qa.mesadnd.selenium.SeleniumNavigationTests')
data.setCell(4, 3, 6235);
data.setCell(5, 0, 5)
data.setCell(5, 1, 'testCharacterSheetTitle')
data.setCell(5, 2, 'com.qa.mesadnd.selenium.SeleniumNavigationTests')
data.setCell(5, 3, 6233);
data.setCell(6, 0, 6)
data.setCell(6, 1, 'testCCharacterAbilityDelete')
data.setCell(6, 2, 'com.qa.mesadnd.selenium.SeleniumCrudTests')
data.setCell(6, 3, 6229);
data.setCell(7, 0, 7)
data.setCell(7, 1, 'testCharacterMakerTitle')
data.setCell(7, 2, 'com.qa.mesadnd.selenium.SeleniumNavigationTests')
data.setCell(7, 3, 6228);
window.suiteTableData['Surefire_suite']= { tableData: data, tableDiv: 'times-div-Surefire_suite'}
return data;
}
              </script>
              <span class="suite-total-time">Total running time: 53 seconds</span>
              <div id="times-div-Surefire_suite">
              </div> <!-- times-div-Surefire_suite -->
            </div> <!-- times-div -->
          </div> <!-- main-panel-content rounded-window-bottom -->
        </div> <!-- panel -->
        <div panel-name="reporter-Surefire_suite" class="panel">
          <div class="main-panel-header rounded-window-top">
            <span class="header-content">Reporter output for Surefire suite</span>
          </div> <!-- main-panel-header rounded-window-top -->
          <div class="main-panel-content rounded-window-bottom">
          </div> <!-- main-panel-content rounded-window-bottom -->
        </div> <!-- panel -->
        <div panel-name="ignored-methods-Surefire_suite" class="panel">
          <div class="main-panel-header rounded-window-top">
            <span class="header-content">0 ignored methods</span>
          </div> <!-- main-panel-header rounded-window-top -->
          <div class="main-panel-content rounded-window-bottom">
          </div> <!-- main-panel-content rounded-window-bottom -->
        </div> <!-- panel -->
        <div panel-name="chronological-Surefire_suite" class="panel">
          <div class="main-panel-header rounded-window-top">
            <span class="header-content">Methods in chronological order</span>
          </div> <!-- main-panel-header rounded-window-top -->
          <div class="main-panel-content rounded-window-bottom">
            <div class="chronological-class">
              <div class="chronological-class-name">com.qa.mesadnd.selenium.SeleniumCrudTests</div> <!-- chronological-class-name -->
              <div class="configuration-test before">
                <span class="method-name">startReport</span>
                <span class="method-start">0 ms</span>
              </div> <!-- configuration-test before -->
            </div> <!-- chronological-class -->
            <div class="chronological-class">
              <div class="chronological-class-name">com.qa.mesadnd.selenium.SeleniumNavigationTests</div> <!-- chronological-class-name -->
              <div class="configuration-test before">
                <span class="method-name">startReport</span>
                <span class="method-start">264 ms</span>
              </div> <!-- configuration-test before -->
            </div> <!-- chronological-class -->
            <div class="chronological-class">
              <div class="chronological-class-name">com.qa.mesadnd.selenium.SeleniumCrudTests</div> <!-- chronological-class-name -->
              <div class="configuration-method before">
                <span class="method-name">setUp</span>
                <span class="method-start">292 ms</span>
              </div> <!-- configuration-method before -->
              <div class="test-method">
                <img src="failed.png">
                </img>
                <span class="method-name">testACharacterAbilityCreateRead</span>
                <span class="method-start">4125 ms</span>
              </div> <!-- test-method -->
              <div class="configuration-method after">
                <span class="method-name">getResult([TestResult name=testACharacterAbilityCreateRead status=FAILURE method=SeleniumCrudTests.testACharac...)</span>
                <span class="method-start">10380 ms</span>
              </div> <!-- configuration-method after -->
              <div class="configuration-method before">
                <span class="method-name">setUp</span>
                <span class="method-start">10434 ms</span>
              </div> <!-- configuration-method before -->
              <div class="test-method">
                <img src="failed.png">
                </img>
                <span class="method-name">testBCharacterAbilityUpdate</span>
                <span class="method-start">13474 ms</span>
              </div> <!-- test-method -->
              <div class="configuration-method after">
                <span class="method-name">getResult([TestResult name=testBCharacterAbilityUpdate status=FAILURE method=SeleniumCrudTests.testBCharacterA...)</span>
                <span class="method-start">19711 ms</span>
              </div> <!-- configuration-method after -->
              <div class="configuration-method before">
                <span class="method-name">setUp</span>
                <span class="method-start">19754 ms</span>
              </div> <!-- configuration-method before -->
              <div class="test-method">
                <img src="failed.png">
                </img>
                <span class="method-name">testCCharacterAbilityDelete</span>
                <span class="method-start">22779 ms</span>
              </div> <!-- test-method -->
              <div class="configuration-method after">
                <span class="method-name">getResult([TestResult name=testCCharacterAbilityDelete status=FAILURE method=SeleniumCrudTests.testCCharacterA...)</span>
                <span class="method-start">29009 ms</span>
              </div> <!-- configuration-method after -->
            </div> <!-- chronological-class -->
            <div class="chronological-class">
              <div class="chronological-class-name">com.qa.mesadnd.selenium.SeleniumNavigationTests</div> <!-- chronological-class-name -->
              <div class="configuration-method before">
                <span class="method-name">setUp</span>
                <span class="method-start">29049 ms</span>
              </div> <!-- configuration-method before -->
              <div class="test-method">
                <img src="failed.png">
                </img>
                <span class="method-name">testCharacterMakerTitle</span>
                <span class="method-start">32076 ms</span>
              </div> <!-- test-method -->
              <div class="configuration-method after">
                <span class="method-name">getResult([TestResult name=testCharacterMakerTitle status=FAILURE method=SeleniumNavigationTests.testCharacter...)</span>
                <span class="method-start">38304 ms</span>
              </div> <!-- configuration-method after -->
              <div class="configuration-method before">
                <span class="method-name">setUp</span>
                <span class="method-start">38345 ms</span>
              </div> <!-- configuration-method before -->
              <div class="test-method">
                <img src="failed.png">
                </img>
                <span class="method-name">testCharacterSheetTitle</span>
                <span class="method-start">41374 ms</span>
              </div> <!-- test-method -->
              <div class="configuration-method after">
                <span class="method-name">getResult([TestResult name=testCharacterSheetTitle status=FAILURE method=SeleniumNavigationTests.testCharacter...)</span>
                <span class="method-start">47608 ms</span>
              </div> <!-- configuration-method after -->
              <div class="configuration-method before">
                <span class="method-name">setUp</span>
                <span class="method-start">47647 ms</span>
              </div> <!-- configuration-method before -->
              <div class="test-method">
                <img src="failed.png">
                </img>
                <span class="method-name">testHomeSheetMaker</span>
                <span class="method-start">50667 ms</span>
              </div> <!-- test-method -->
              <div class="configuration-method after">
                <span class="method-name">getResult([TestResult name=testHomeSheetMaker status=FAILURE method=SeleniumNavigationTests.testHomeSheetMaker...)</span>
                <span class="method-start">58915 ms</span>
              </div> <!-- configuration-method after -->
              <div class="configuration-method before">
                <span class="method-name">setUp</span>
                <span class="method-start">58956 ms</span>
              </div> <!-- configuration-method before -->
              <div class="test-method">
                <img src="failed.png">
                </img>
                <span class="method-name">testMakerSheetHome</span>
                <span class="method-start">61990 ms</span>
              </div> <!-- test-method -->
              <div class="configuration-method after">
                <span class="method-name">getResult([TestResult name=testMakerSheetHome status=FAILURE method=SeleniumNavigationTests.testMakerSheetHome...)</span>
                <span class="method-start">70235 ms</span>
              </div> <!-- configuration-method after -->
              <div class="configuration-method before">
                <span class="method-name">setUp</span>
                <span class="method-start">70273 ms</span>
              </div> <!-- configuration-method before -->
              <div class="test-method">
                <img src="failed.png">
                </img>
                <span class="method-name">testMesaHomeTitle</span>
                <span class="method-start">73295 ms</span>
              </div> <!-- test-method -->
              <div class="configuration-method after">
                <span class="method-name">getResult([TestResult name=testMesaHomeTitle status=FAILURE method=SeleniumNavigationTests.testMesaHomeTitle()...)</span>
                <span class="method-start">79530 ms</span>
              </div> <!-- configuration-method after -->
            </div> <!-- chronological-class -->
            <div class="chronological-class">
              <div class="chronological-class-name">com.qa.mesadnd.selenium.SeleniumCrudTests</div> <!-- chronological-class-name -->
              <div class="configuration-test after">
                <span class="method-name">endReport</span>
                <span class="method-start">79574 ms</span>
              </div> <!-- configuration-test after -->
            </div> <!-- chronological-class -->
            <div class="chronological-class">
              <div class="chronological-class-name">com.qa.mesadnd.selenium.SeleniumNavigationTests</div> <!-- chronological-class-name -->
              <div class="configuration-test after">
                <span class="method-name">endReport</span>
                <span class="method-start">79967 ms</span>
              </div> <!-- configuration-test after -->
          </div> <!-- main-panel-content rounded-window-bottom -->
        </div> <!-- panel -->
      </div> <!-- main-panel-root -->
    </div> <!-- wrapper -->
  </body>
</html>
